{"uid":"2da9c6ad2bd7dd16","name":"deleteBookExpiredTokenTest","fullName":"com.bookstore.api.tests.book.DeleteBookTest.deleteBookExpiredTokenTest","historyId":"2a405777cdd8baab810e175b5afa0d21","time":{"start":1753547983774,"stop":1753547983789,"duration":15},"status":"failed","statusMessage":"expected [Invalid token or expired token] but found [Not authenticated]","statusTrace":"java.lang.AssertionError: expected [Invalid token or expired token] but found [Not authenticated]\n\tat org.testng.Assert.fail(Assert.java:110)\n\tat org.testng.Assert.failNotEquals(Assert.java:1413)\n\tat org.testng.Assert.assertEqualsImpl(Assert.java:149)\n\tat org.testng.Assert.assertEquals(Assert.java:131)\n\tat org.testng.Assert.assertEquals(Assert.java:655)\n\tat org.testng.Assert.assertEquals(Assert.java:665)\n\tat com.bookstore.api.utils.AssertionUtils.assertForbiddenTokenResponse(AssertionUtils.java:12)\n\tat com.bookstore.api.tests.book.DeleteBookTest.deleteBookExpiredTokenTest(DeleteBookTest.java:88)\n\tat java.base/jdk.internal.reflect.DirectMethodHandleAccessor.invoke(DirectMethodHandleAccessor.java:104)\n\tat java.base/java.lang.reflect.Method.invoke(Method.java:565)\n\tat org.testng.internal.invokers.MethodInvocationHelper.invokeMethod(MethodInvocationHelper.java:139)\n\tat org.testng.internal.invokers.TestInvoker.invokeMethod(TestInvoker.java:677)\n\tat org.testng.internal.invokers.TestInvoker.invokeTestMethod(TestInvoker.java:221)\n\tat org.testng.internal.invokers.MethodRunner.runInSequence(MethodRunner.java:50)\n\tat org.testng.internal.invokers.TestInvoker$MethodInvocationAgent.invoke(TestInvoker.java:969)\n\tat org.testng.internal.invokers.TestInvoker.invokeTestMethods(TestInvoker.java:194)\n\tat org.testng.internal.invokers.TestMethodWorker.invokeTestMethods(TestMethodWorker.java:148)\n\tat org.testng.internal.invokers.TestMethodWorker.run(TestMethodWorker.java:128)\n\tat java.base/java.util.ArrayList.forEach(ArrayList.java:1604)\n\tat org.testng.TestRunner.privateRun(TestRunner.java:829)\n\tat org.testng.TestRunner.run(TestRunner.java:602)\n\tat org.testng.SuiteRunner.runTest(SuiteRunner.java:437)\n\tat org.testng.SuiteRunner.runSequentially(SuiteRunner.java:431)\n\tat org.testng.SuiteRunner.privateRun(SuiteRunner.java:391)\n\tat org.testng.SuiteRunner.run(SuiteRunner.java:330)\n\tat org.testng.SuiteRunnerWorker.runSuite(SuiteRunnerWorker.java:52)\n\tat org.testng.SuiteRunnerWorker.run(SuiteRunnerWorker.java:95)\n\tat org.testng.TestNG.runSuitesSequentially(TestNG.java:1256)\n\tat org.testng.TestNG.runSuitesLocally(TestNG.java:1176)\n\tat org.testng.TestNG.runSuites(TestNG.java:1099)\n\tat org.testng.TestNG.run(TestNG.java:1067)\n\tat org.testng.remote.AbstractRemoteTestNG.run(AbstractRemoteTestNG.java:115)\n\tat org.testng.remote.RemoteTestNG.initAndRun(RemoteTestNG.java:293)\n\tat org.testng.remote.RemoteTestNG.main(RemoteTestNG.java:91)\n","flaky":false,"newFailed":false,"newBroken":false,"newPassed":false,"retriesCount":0,"retriesStatusChange":false,"beforeStages":[{"name":"setUpTokenOnce","time":{"start":1753547983010,"stop":1753547983244,"duration":234},"description":"","status":"passed","steps":[],"attachments":[{"uid":"5e8fed94cd1d3d26","name":"Request","source":"5e8fed94cd1d3d26.html","type":"text/html","size":741},{"uid":"3bb2fa8fb59a6b5c","name":"HTTP/1.1 200 OK","source":"3bb2fa8fb59a6b5c.html","type":"text/html","size":526}],"parameters":[],"stepsCount":0,"hasContent":true,"attachmentStep":false,"shouldDisplayMessage":false,"attachmentsCount":2},{"name":"setUpTokenPerMethod","time":{"start":1753547983533,"stop":1753547983773,"duration":240},"description":"","status":"passed","steps":[],"attachments":[{"uid":"263540e4325b636b","name":"Request","source":"263540e4325b636b.html","type":"text/html","size":741},{"uid":"2bb1d74a73447ce5","name":"HTTP/1.1 200 OK","source":"2bb1d74a73447ce5.html","type":"text/html","size":526}],"parameters":[],"stepsCount":0,"hasContent":true,"attachmentStep":false,"shouldDisplayMessage":false,"attachmentsCount":2}],"testStage":{"status":"failed","statusMessage":"expected [Invalid token or expired token] but found [Not authenticated]","statusTrace":"java.lang.AssertionError: expected [Invalid token or expired token] but found [Not authenticated]\n\tat org.testng.Assert.fail(Assert.java:110)\n\tat org.testng.Assert.failNotEquals(Assert.java:1413)\n\tat org.testng.Assert.assertEqualsImpl(Assert.java:149)\n\tat org.testng.Assert.assertEquals(Assert.java:131)\n\tat org.testng.Assert.assertEquals(Assert.java:655)\n\tat org.testng.Assert.assertEquals(Assert.java:665)\n\tat com.bookstore.api.utils.AssertionUtils.assertForbiddenTokenResponse(AssertionUtils.java:12)\n\tat com.bookstore.api.tests.book.DeleteBookTest.deleteBookExpiredTokenTest(DeleteBookTest.java:88)\n\tat java.base/jdk.internal.reflect.DirectMethodHandleAccessor.invoke(DirectMethodHandleAccessor.java:104)\n\tat java.base/java.lang.reflect.Method.invoke(Method.java:565)\n\tat org.testng.internal.invokers.MethodInvocationHelper.invokeMethod(MethodInvocationHelper.java:139)\n\tat org.testng.internal.invokers.TestInvoker.invokeMethod(TestInvoker.java:677)\n\tat org.testng.internal.invokers.TestInvoker.invokeTestMethod(TestInvoker.java:221)\n\tat org.testng.internal.invokers.MethodRunner.runInSequence(MethodRunner.java:50)\n\tat org.testng.internal.invokers.TestInvoker$MethodInvocationAgent.invoke(TestInvoker.java:969)\n\tat org.testng.internal.invokers.TestInvoker.invokeTestMethods(TestInvoker.java:194)\n\tat org.testng.internal.invokers.TestMethodWorker.invokeTestMethods(TestMethodWorker.java:148)\n\tat org.testng.internal.invokers.TestMethodWorker.run(TestMethodWorker.java:128)\n\tat java.base/java.util.ArrayList.forEach(ArrayList.java:1604)\n\tat org.testng.TestRunner.privateRun(TestRunner.java:829)\n\tat org.testng.TestRunner.run(TestRunner.java:602)\n\tat org.testng.SuiteRunner.runTest(SuiteRunner.java:437)\n\tat org.testng.SuiteRunner.runSequentially(SuiteRunner.java:431)\n\tat org.testng.SuiteRunner.privateRun(SuiteRunner.java:391)\n\tat org.testng.SuiteRunner.run(SuiteRunner.java:330)\n\tat org.testng.SuiteRunnerWorker.runSuite(SuiteRunnerWorker.java:52)\n\tat org.testng.SuiteRunnerWorker.run(SuiteRunnerWorker.java:95)\n\tat org.testng.TestNG.runSuitesSequentially(TestNG.java:1256)\n\tat org.testng.TestNG.runSuitesLocally(TestNG.java:1176)\n\tat org.testng.TestNG.runSuites(TestNG.java:1099)\n\tat org.testng.TestNG.run(TestNG.java:1067)\n\tat org.testng.remote.AbstractRemoteTestNG.run(AbstractRemoteTestNG.java:115)\n\tat org.testng.remote.RemoteTestNG.initAndRun(RemoteTestNG.java:293)\n\tat org.testng.remote.RemoteTestNG.main(RemoteTestNG.java:91)\n","steps":[],"attachments":[{"uid":"5c8c8aae7377053a","name":"Request","source":"5c8c8aae7377053a.html","type":"text/html","size":574},{"uid":"a45ac7eb12a944bb","name":"HTTP/1.1 403 Forbidden","source":"a45ac7eb12a944bb.html","type":"text/html","size":371}],"parameters":[],"stepsCount":0,"hasContent":true,"attachmentStep":false,"shouldDisplayMessage":true,"attachmentsCount":2},"afterStages":[{"name":"cleanUpAfterMethod","time":{"start":1753547983791,"stop":1753547983791,"duration":0},"description":"","status":"passed","steps":[],"attachments":[],"parameters":[],"stepsCount":0,"hasContent":false,"attachmentStep":false,"shouldDisplayMessage":false,"attachmentsCount":0},{"name":"cleanUpAfterTest","time":{"start":1753547984560,"stop":1753547984560,"duration":0},"description":"","status":"passed","steps":[],"attachments":[],"parameters":[],"stepsCount":0,"hasContent":false,"attachmentStep":false,"shouldDisplayMessage":false,"attachmentsCount":0}],"labels":[{"name":"package","value":"com.bookstore.api.tests.book.DeleteBookTest"},{"name":"testClass","value":"com.bookstore.api.tests.book.DeleteBookTest"},{"name":"testMethod","value":"deleteBookExpiredTokenTest"},{"name":"parentSuite","value":"FAST-API: BookStore API â€“ Regression Test Suite"},{"name":"suite","value":"Book API Test - Delete Book"},{"name":"subSuite","value":"com.bookstore.api.tests.book.DeleteBookTest"},{"name":"host","value":"apples-MacBook-Pro.local"},{"name":"thread","value":"14972@apples-MacBook-Pro.local.main(3)"},{"name":"framework","value":"testng"},{"name":"language","value":"java"},{"name":"resultFormat","value":"allure2"}],"parameters":[],"links":[],"hidden":true,"retry":true,"extra":{"categories":[],"tags":[]},"source":"2da9c6ad2bd7dd16.json","parameterValues":[]}