{"uid":"6ad4e33265eb0f5","name":"updateBookNoAuthTokenTest","fullName":"com.bookstore.api.tests.book.UpdateBookTest.updateBookNoAuthTokenTest","historyId":"bfa31e2c56585ab03b6bf7f6014139f","time":{"start":1753514376207,"stop":1753514376229,"duration":22},"status":"failed","statusMessage":"expected [Not authenticated] but found [Invalid token or expired token]","statusTrace":"java.lang.AssertionError: expected [Not authenticated] but found [Invalid token or expired token]\n\tat org.testng.Assert.fail(Assert.java:110)\n\tat org.testng.Assert.failNotEquals(Assert.java:1413)\n\tat org.testng.Assert.assertEqualsImpl(Assert.java:149)\n\tat org.testng.Assert.assertEquals(Assert.java:131)\n\tat org.testng.Assert.assertEquals(Assert.java:655)\n\tat org.testng.Assert.assertEquals(Assert.java:665)\n\tat com.bookstore.api.utils.AssertionUtils.assertNotAuthenticatedResponse(AssertionUtils.java:19)\n\tat com.bookstore.api.tests.book.UpdateBookTest.updateBookNoAuthTokenTest(UpdateBookTest.java:88)\n\tat java.base/jdk.internal.reflect.DirectMethodHandleAccessor.invoke(DirectMethodHandleAccessor.java:104)\n\tat java.base/java.lang.reflect.Method.invoke(Method.java:565)\n\tat org.testng.internal.invokers.MethodInvocationHelper.invokeMethod(MethodInvocationHelper.java:139)\n\tat org.testng.internal.invokers.TestInvoker.invokeMethod(TestInvoker.java:677)\n\tat org.testng.internal.invokers.TestInvoker.invokeTestMethod(TestInvoker.java:221)\n\tat org.testng.internal.invokers.MethodRunner.runInSequence(MethodRunner.java:50)\n\tat org.testng.internal.invokers.TestInvoker$MethodInvocationAgent.invoke(TestInvoker.java:969)\n\tat org.testng.internal.invokers.TestInvoker.invokeTestMethods(TestInvoker.java:194)\n\tat org.testng.internal.invokers.TestMethodWorker.invokeTestMethods(TestMethodWorker.java:148)\n\tat org.testng.internal.invokers.TestMethodWorker.run(TestMethodWorker.java:128)\n\tat java.base/java.util.ArrayList.forEach(ArrayList.java:1604)\n\tat org.testng.TestRunner.privateRun(TestRunner.java:829)\n\tat org.testng.TestRunner.run(TestRunner.java:602)\n\tat org.testng.SuiteRunner.runTest(SuiteRunner.java:437)\n\tat org.testng.SuiteRunner.runSequentially(SuiteRunner.java:431)\n\tat org.testng.SuiteRunner.privateRun(SuiteRunner.java:391)\n\tat org.testng.SuiteRunner.run(SuiteRunner.java:330)\n\tat org.testng.SuiteRunnerWorker.runSuite(SuiteRunnerWorker.java:52)\n\tat org.testng.SuiteRunnerWorker.run(SuiteRunnerWorker.java:95)\n\tat org.testng.TestNG.runSuitesSequentially(TestNG.java:1256)\n\tat org.testng.TestNG.runSuitesLocally(TestNG.java:1176)\n\tat org.testng.TestNG.runSuites(TestNG.java:1099)\n\tat org.testng.TestNG.run(TestNG.java:1067)\n\tat org.testng.remote.AbstractRemoteTestNG.run(AbstractRemoteTestNG.java:115)\n\tat org.testng.remote.RemoteTestNG.initAndRun(RemoteTestNG.java:293)\n\tat org.testng.remote.RemoteTestNG.main(RemoteTestNG.java:91)\n","flaky":false,"newFailed":false,"newBroken":false,"newPassed":false,"retriesCount":0,"retriesStatusChange":false,"beforeStages":[{"name":"setUpTokenOnce","time":{"start":1753514374912,"stop":1753514375148,"duration":236},"description":"","status":"passed","steps":[],"attachments":[{"uid":"7d485e01df778bcb","name":"Request","source":"7d485e01df778bcb.html","type":"text/html","size":791},{"uid":"52f1d825ae750445","name":"HTTP/1.1 200 OK","source":"52f1d825ae750445.html","type":"text/html","size":550}],"parameters":[],"stepsCount":0,"hasContent":true,"attachmentStep":false,"shouldDisplayMessage":false,"attachmentsCount":2},{"name":"setUpTokenPerMethod","time":{"start":1753514375975,"stop":1753514376206,"duration":231},"description":"","status":"passed","steps":[],"attachments":[{"uid":"d7af7105ab7f68c6","name":"Request","source":"d7af7105ab7f68c6.html","type":"text/html","size":791},{"uid":"d9bf3a6ea3b40756","name":"HTTP/1.1 200 OK","source":"d9bf3a6ea3b40756.html","type":"text/html","size":550}],"parameters":[],"stepsCount":0,"hasContent":true,"attachmentStep":false,"shouldDisplayMessage":false,"attachmentsCount":2}],"testStage":{"status":"failed","statusMessage":"expected [Not authenticated] but found [Invalid token or expired token]","statusTrace":"java.lang.AssertionError: expected [Not authenticated] but found [Invalid token or expired token]\n\tat org.testng.Assert.fail(Assert.java:110)\n\tat org.testng.Assert.failNotEquals(Assert.java:1413)\n\tat org.testng.Assert.assertEqualsImpl(Assert.java:149)\n\tat org.testng.Assert.assertEquals(Assert.java:131)\n\tat org.testng.Assert.assertEquals(Assert.java:655)\n\tat org.testng.Assert.assertEquals(Assert.java:665)\n\tat com.bookstore.api.utils.AssertionUtils.assertNotAuthenticatedResponse(AssertionUtils.java:19)\n\tat com.bookstore.api.tests.book.UpdateBookTest.updateBookNoAuthTokenTest(UpdateBookTest.java:88)\n\tat java.base/jdk.internal.reflect.DirectMethodHandleAccessor.invoke(DirectMethodHandleAccessor.java:104)\n\tat java.base/java.lang.reflect.Method.invoke(Method.java:565)\n\tat org.testng.internal.invokers.MethodInvocationHelper.invokeMethod(MethodInvocationHelper.java:139)\n\tat org.testng.internal.invokers.TestInvoker.invokeMethod(TestInvoker.java:677)\n\tat org.testng.internal.invokers.TestInvoker.invokeTestMethod(TestInvoker.java:221)\n\tat org.testng.internal.invokers.MethodRunner.runInSequence(MethodRunner.java:50)\n\tat org.testng.internal.invokers.TestInvoker$MethodInvocationAgent.invoke(TestInvoker.java:969)\n\tat org.testng.internal.invokers.TestInvoker.invokeTestMethods(TestInvoker.java:194)\n\tat org.testng.internal.invokers.TestMethodWorker.invokeTestMethods(TestMethodWorker.java:148)\n\tat org.testng.internal.invokers.TestMethodWorker.run(TestMethodWorker.java:128)\n\tat java.base/java.util.ArrayList.forEach(ArrayList.java:1604)\n\tat org.testng.TestRunner.privateRun(TestRunner.java:829)\n\tat org.testng.TestRunner.run(TestRunner.java:602)\n\tat org.testng.SuiteRunner.runTest(SuiteRunner.java:437)\n\tat org.testng.SuiteRunner.runSequentially(SuiteRunner.java:431)\n\tat org.testng.SuiteRunner.privateRun(SuiteRunner.java:391)\n\tat org.testng.SuiteRunner.run(SuiteRunner.java:330)\n\tat org.testng.SuiteRunnerWorker.runSuite(SuiteRunnerWorker.java:52)\n\tat org.testng.SuiteRunnerWorker.run(SuiteRunnerWorker.java:95)\n\tat org.testng.TestNG.runSuitesSequentially(TestNG.java:1256)\n\tat org.testng.TestNG.runSuitesLocally(TestNG.java:1176)\n\tat org.testng.TestNG.runSuites(TestNG.java:1099)\n\tat org.testng.TestNG.run(TestNG.java:1067)\n\tat org.testng.remote.AbstractRemoteTestNG.run(AbstractRemoteTestNG.java:115)\n\tat org.testng.remote.RemoteTestNG.initAndRun(RemoteTestNG.java:293)\n\tat org.testng.remote.RemoteTestNG.main(RemoteTestNG.java:91)\n","steps":[],"attachments":[{"uid":"be1bf40895150d51","name":"Request","source":"be1bf40895150d51.html","type":"text/html","size":1453},{"uid":"b848ba5f475d8e05","name":"HTTP/1.1 403 Forbidden","source":"b848ba5f475d8e05.html","type":"text/html","size":384}],"parameters":[],"stepsCount":0,"hasContent":true,"attachmentStep":false,"shouldDisplayMessage":true,"attachmentsCount":2},"afterStages":[{"name":"cleanUpAfterMethod","time":{"start":1753514376231,"stop":1753514376231,"duration":0},"description":"","status":"passed","steps":[],"attachments":[],"parameters":[],"stepsCount":0,"hasContent":false,"attachmentStep":false,"shouldDisplayMessage":false,"attachmentsCount":0},{"name":"cleanUpAfterTest","time":{"start":1753514376232,"stop":1753514376232,"duration":0},"description":"","status":"passed","steps":[],"attachments":[],"parameters":[],"stepsCount":0,"hasContent":false,"attachmentStep":false,"shouldDisplayMessage":false,"attachmentsCount":0}],"labels":[{"name":"package","value":"com.bookstore.api.tests.book.UpdateBookTest"},{"name":"testClass","value":"com.bookstore.api.tests.book.UpdateBookTest"},{"name":"testMethod","value":"updateBookNoAuthTokenTest"},{"name":"parentSuite","value":"FAST-API: BookStore API â€“ Regression Test Suite"},{"name":"suite","value":"Book API Test - Update Book"},{"name":"subSuite","value":"com.bookstore.api.tests.book.UpdateBookTest"},{"name":"host","value":"apples-MacBook-Pro.local"},{"name":"thread","value":"9668@apples-MacBook-Pro.local.main(3)"},{"name":"framework","value":"testng"},{"name":"language","value":"java"},{"name":"resultFormat","value":"allure2"}],"parameters":[],"links":[],"hidden":true,"retry":true,"extra":{"categories":[],"tags":[]},"source":"6ad4e33265eb0f5.json","parameterValues":[]}