{"uid":"7a03a7d9532406d5","name":"updateBookTest","fullName":"com.bookstore.api.tests.book.UpdateBookTest.updateBookTest","historyId":"5ac672750eca892b458a56dbf1216816","time":{"start":1753514521060,"stop":1753514521082,"duration":22},"status":"failed","statusMessage":"expected [application/json] but found [text/plain; charset=utf-8]","statusTrace":"java.lang.AssertionError: expected [application/json] but found [text/plain; charset=utf-8]\n\tat org.testng.Assert.fail(Assert.java:110)\n\tat org.testng.Assert.failNotEquals(Assert.java:1413)\n\tat org.testng.Assert.assertEqualsImpl(Assert.java:149)\n\tat org.testng.Assert.assertEquals(Assert.java:131)\n\tat org.testng.Assert.assertEquals(Assert.java:655)\n\tat org.testng.Assert.assertEquals(Assert.java:665)\n\tat com.bookstore.api.tests.book.UpdateBookTest.updateBookTest(UpdateBookTest.java:23)\n\tat java.base/jdk.internal.reflect.DirectMethodHandleAccessor.invoke(DirectMethodHandleAccessor.java:104)\n\tat java.base/java.lang.reflect.Method.invoke(Method.java:565)\n\tat org.testng.internal.invokers.MethodInvocationHelper.invokeMethod(MethodInvocationHelper.java:139)\n\tat org.testng.internal.invokers.TestInvoker.invokeMethod(TestInvoker.java:677)\n\tat org.testng.internal.invokers.TestInvoker.invokeTestMethod(TestInvoker.java:221)\n\tat org.testng.internal.invokers.MethodRunner.runInSequence(MethodRunner.java:50)\n\tat org.testng.internal.invokers.TestInvoker$MethodInvocationAgent.invoke(TestInvoker.java:969)\n\tat org.testng.internal.invokers.TestInvoker.invokeTestMethods(TestInvoker.java:194)\n\tat org.testng.internal.invokers.TestMethodWorker.invokeTestMethods(TestMethodWorker.java:148)\n\tat org.testng.internal.invokers.TestMethodWorker.run(TestMethodWorker.java:128)\n\tat java.base/java.util.ArrayList.forEach(ArrayList.java:1604)\n\tat org.testng.TestRunner.privateRun(TestRunner.java:829)\n\tat org.testng.TestRunner.run(TestRunner.java:602)\n\tat org.testng.SuiteRunner.runTest(SuiteRunner.java:437)\n\tat org.testng.SuiteRunner.runSequentially(SuiteRunner.java:431)\n\tat org.testng.SuiteRunner.privateRun(SuiteRunner.java:391)\n\tat org.testng.SuiteRunner.run(SuiteRunner.java:330)\n\tat org.testng.SuiteRunnerWorker.runSuite(SuiteRunnerWorker.java:52)\n\tat org.testng.SuiteRunnerWorker.run(SuiteRunnerWorker.java:95)\n\tat org.testng.TestNG.runSuitesSequentially(TestNG.java:1256)\n\tat org.testng.TestNG.runSuitesLocally(TestNG.java:1176)\n\tat org.testng.TestNG.runSuites(TestNG.java:1099)\n\tat org.testng.TestNG.run(TestNG.java:1067)\n\tat org.testng.remote.AbstractRemoteTestNG.run(AbstractRemoteTestNG.java:115)\n\tat org.testng.remote.RemoteTestNG.initAndRun(RemoteTestNG.java:293)\n\tat org.testng.remote.RemoteTestNG.main(RemoteTestNG.java:91)\n","flaky":false,"newFailed":false,"newBroken":false,"newPassed":false,"retriesCount":0,"retriesStatusChange":false,"beforeStages":[{"name":"setUpTokenOnce","time":{"start":1753514520601,"stop":1753514520831,"duration":230},"description":"","status":"passed","steps":[],"attachments":[{"uid":"763b75780d0f4cc2","name":"Request","source":"763b75780d0f4cc2.html","type":"text/html","size":791},{"uid":"be3a403db21878ab","name":"HTTP/1.1 200 OK","source":"be3a403db21878ab.html","type":"text/html","size":550}],"parameters":[],"stepsCount":0,"hasContent":true,"attachmentStep":false,"shouldDisplayMessage":false,"attachmentsCount":2},{"name":"setUpTokenPerMethod","time":{"start":1753514520832,"stop":1753514521058,"duration":226},"description":"","status":"passed","steps":[],"attachments":[{"uid":"ec45002b380010f4","name":"Request","source":"ec45002b380010f4.html","type":"text/html","size":791},{"uid":"5721f20e141b9508","name":"HTTP/1.1 200 OK","source":"5721f20e141b9508.html","type":"text/html","size":550}],"parameters":[],"stepsCount":0,"hasContent":true,"attachmentStep":false,"shouldDisplayMessage":false,"attachmentsCount":2}],"testStage":{"status":"failed","statusMessage":"expected [application/json] but found [text/plain; charset=utf-8]","statusTrace":"java.lang.AssertionError: expected [application/json] but found [text/plain; charset=utf-8]\n\tat org.testng.Assert.fail(Assert.java:110)\n\tat org.testng.Assert.failNotEquals(Assert.java:1413)\n\tat org.testng.Assert.assertEqualsImpl(Assert.java:149)\n\tat org.testng.Assert.assertEquals(Assert.java:131)\n\tat org.testng.Assert.assertEquals(Assert.java:655)\n\tat org.testng.Assert.assertEquals(Assert.java:665)\n\tat com.bookstore.api.tests.book.UpdateBookTest.updateBookTest(UpdateBookTest.java:23)\n\tat java.base/jdk.internal.reflect.DirectMethodHandleAccessor.invoke(DirectMethodHandleAccessor.java:104)\n\tat java.base/java.lang.reflect.Method.invoke(Method.java:565)\n\tat org.testng.internal.invokers.MethodInvocationHelper.invokeMethod(MethodInvocationHelper.java:139)\n\tat org.testng.internal.invokers.TestInvoker.invokeMethod(TestInvoker.java:677)\n\tat org.testng.internal.invokers.TestInvoker.invokeTestMethod(TestInvoker.java:221)\n\tat org.testng.internal.invokers.MethodRunner.runInSequence(MethodRunner.java:50)\n\tat org.testng.internal.invokers.TestInvoker$MethodInvocationAgent.invoke(TestInvoker.java:969)\n\tat org.testng.internal.invokers.TestInvoker.invokeTestMethods(TestInvoker.java:194)\n\tat org.testng.internal.invokers.TestMethodWorker.invokeTestMethods(TestMethodWorker.java:148)\n\tat org.testng.internal.invokers.TestMethodWorker.run(TestMethodWorker.java:128)\n\tat java.base/java.util.ArrayList.forEach(ArrayList.java:1604)\n\tat org.testng.TestRunner.privateRun(TestRunner.java:829)\n\tat org.testng.TestRunner.run(TestRunner.java:602)\n\tat org.testng.SuiteRunner.runTest(SuiteRunner.java:437)\n\tat org.testng.SuiteRunner.runSequentially(SuiteRunner.java:431)\n\tat org.testng.SuiteRunner.privateRun(SuiteRunner.java:391)\n\tat org.testng.SuiteRunner.run(SuiteRunner.java:330)\n\tat org.testng.SuiteRunnerWorker.runSuite(SuiteRunnerWorker.java:52)\n\tat org.testng.SuiteRunnerWorker.run(SuiteRunnerWorker.java:95)\n\tat org.testng.TestNG.runSuitesSequentially(TestNG.java:1256)\n\tat org.testng.TestNG.runSuitesLocally(TestNG.java:1176)\n\tat org.testng.TestNG.runSuites(TestNG.java:1099)\n\tat org.testng.TestNG.run(TestNG.java:1067)\n\tat org.testng.remote.AbstractRemoteTestNG.run(AbstractRemoteTestNG.java:115)\n\tat org.testng.remote.RemoteTestNG.initAndRun(RemoteTestNG.java:293)\n\tat org.testng.remote.RemoteTestNG.main(RemoteTestNG.java:91)\n","steps":[],"attachments":[{"uid":"dec9c88e0297157d","name":"Request","source":"dec9c88e0297157d.html","type":"text/html","size":1449},{"uid":"bab0ef51c763677","name":"HTTP/1.1 500 Internal Server Error","source":"bab0ef51c763677.html","type":"text/html","size":344}],"parameters":[],"stepsCount":0,"hasContent":true,"attachmentStep":false,"shouldDisplayMessage":true,"attachmentsCount":2},"afterStages":[{"name":"cleanUpAfterMethod","time":{"start":1753514521084,"stop":1753514521084,"duration":0},"description":"","status":"passed","steps":[],"attachments":[],"parameters":[],"stepsCount":0,"hasContent":false,"attachmentStep":false,"shouldDisplayMessage":false,"attachmentsCount":0},{"name":"cleanUpAfterTest","time":{"start":1753514521830,"stop":1753514521830,"duration":0},"description":"","status":"passed","steps":[],"attachments":[],"parameters":[],"stepsCount":0,"hasContent":false,"attachmentStep":false,"shouldDisplayMessage":false,"attachmentsCount":0}],"labels":[{"name":"package","value":"com.bookstore.api.tests.book.UpdateBookTest"},{"name":"testClass","value":"com.bookstore.api.tests.book.UpdateBookTest"},{"name":"testMethod","value":"updateBookTest"},{"name":"parentSuite","value":"FAST-API: BookStore API â€“ Regression Test Suite"},{"name":"suite","value":"Book API Test - Update Book"},{"name":"subSuite","value":"com.bookstore.api.tests.book.UpdateBookTest"},{"name":"host","value":"apples-MacBook-Pro.local"},{"name":"thread","value":"9743@apples-MacBook-Pro.local.main(3)"},{"name":"framework","value":"testng"},{"name":"language","value":"java"},{"name":"resultFormat","value":"allure2"}],"parameters":[],"links":[],"hidden":true,"retry":true,"extra":{"categories":[],"tags":[]},"source":"7a03a7d9532406d5.json","parameterValues":[]}